Initializing jasmine.yml configuration
  [1m[36m (6.3ms)[0m  [1mCREATE TABLE "schema_migrations" ("version" character varying(255) NOT NULL) [0m
  [1m[35m (21.3ms)[0m  CREATE UNIQUE INDEX "unique_schema_migrations" ON "schema_migrations" ("version")
  [1m[36mActiveRecord::SchemaMigration Load (1.2ms)[0m  [1mSELECT "schema_migrations".* FROM "schema_migrations"[0m
Migrating to CreateStories (20131115021635)
  [1m[35m (0.3ms)[0m  BEGIN
  [1m[36m (65.3ms)[0m  [1mCREATE TABLE "stories" ("id" serial primary key, "name" character varying(255), "body" text) [0m
  [1m[35mSQL (38.1ms)[0m  INSERT INTO "schema_migrations" ("version") VALUES ($1)  [["version", "20131115021635"]]
  [1m[36m (0.9ms)[0m  [1mCOMMIT[0m
  [1m[35mActiveRecord::SchemaMigration Load (0.4ms)[0m  SELECT "schema_migrations".* FROM "schema_migrations"
  [1m[36mActiveRecord::SchemaMigration Load (13.0ms)[0m  [1mSELECT "schema_migrations".* FROM "schema_migrations"[0m
Migrating to CreateStories (20131115022351)
  [1m[35m (0.2ms)[0m  BEGIN
  [1m[36m (74.1ms)[0m  [1mCREATE TABLE "stories" ("id" serial primary key, "name" character varying(255), "body" text, "created_at" timestamp, "updated_at" timestamp) [0m
PG::DuplicateTable: ERROR:  relation "stories" already exists
: CREATE TABLE "stories" ("id" serial primary key, "name" character varying(255), "body" text, "created_at" timestamp, "updated_at" timestamp) 
  [1m[35m (0.4ms)[0m  ROLLBACK
  [1m[36m (4.9ms)[0m  [1mCREATE TABLE "schema_migrations" ("version" character varying(255) NOT NULL) [0m
  [1m[35m (2.5ms)[0m  CREATE UNIQUE INDEX "unique_schema_migrations" ON "schema_migrations" ("version")
  [1m[36mActiveRecord::SchemaMigration Load (0.4ms)[0m  [1mSELECT "schema_migrations".* FROM "schema_migrations"[0m
Migrating to CreateStories (20131115022351)
  [1m[35m (0.1ms)[0m  BEGIN
  [1m[36m (5.1ms)[0m  [1mCREATE TABLE "stories" ("id" serial primary key, "name" character varying(255), "body" text, "created_at" timestamp, "updated_at" timestamp) [0m
  [1m[35mSQL (26.3ms)[0m  INSERT INTO "schema_migrations" ("version") VALUES ($1)  [["version", "20131115022351"]]
  [1m[36m (1.9ms)[0m  [1mCOMMIT[0m
  [1m[35mActiveRecord::SchemaMigration Load (0.4ms)[0m  SELECT "schema_migrations".* FROM "schema_migrations"
  [1m[36m (0.2ms)[0m  [1mBEGIN[0m
  [1m[35mSQL (48.9ms)[0m  INSERT INTO "stories" ("body", "created_at", "name", "updated_at") VALUES ($1, $2, $3, $4) RETURNING "id"  [["body", "Given I am a user <br /> When I visit the stories index <br /> Then I should see a list of stories"], ["created_at", Fri, 15 Nov 2013 02:33:32 UTC +00:00], ["name", "User views a list of stories"], ["updated_at", Fri, 15 Nov 2013 02:33:32 UTC +00:00]]
  [1m[36m (93.3ms)[0m  [1mCOMMIT[0m


Started GET "/api/v1/stories.json" for 127.0.0.1 at 2013-11-14 20:34:08 -0600
  [1m[36mActiveRecord::SchemaMigration Load (1.4ms)[0m  [1mSELECT "schema_migrations".* FROM "schema_migrations"[0m
Processing by Api::V1::StoriesController#index as JSON
  [1m[35mStory Load (20.4ms)[0m  SELECT "stories".* FROM "stories"
Completed 200 OK in 101ms (Views: 18.1ms | ActiveRecord: 21.9ms)


Started GET "/" for 127.0.0.1 at 2013-11-14 20:41:14 -0600
  [1m[36mActiveRecord::SchemaMigration Load (22.8ms)[0m  [1mSELECT "schema_migrations".* FROM "schema_migrations"[0m
Processing by HomeController#index as HTML
  Rendered home/index.html.haml within layouts/application (5.3ms)
Completed 200 OK in 791ms (Views: 790.5ms | ActiveRecord: 0.0ms)


Started GET "/" for 127.0.0.1 at 2013-11-14 20:42:13 -0600
Processing by HomeController#index as HTML
  Rendered home/index.html.haml within layouts/application (0.3ms)
Completed 200 OK in 284ms (Views: 283.5ms | ActiveRecord: 0.0ms)


Started GET "/" for 127.0.0.1 at 2013-11-14 20:43:53 -0600
Processing by HomeController#index as HTML
  Rendered home/index.html.haml within layouts/application (0.2ms)
Completed 200 OK in 335ms (Views: 334.2ms | ActiveRecord: 0.0ms)


Started GET "/" for 127.0.0.1 at 2013-11-14 20:45:10 -0600
  [1m[36mActiveRecord::SchemaMigration Load (30.1ms)[0m  [1mSELECT "schema_migrations".* FROM "schema_migrations"[0m
Processing by HomeController#index as HTML
  Rendered home/index.html.haml within layouts/application (13.9ms)
Completed 200 OK in 546ms (Views: 545.6ms | ActiveRecord: 0.0ms)


Started GET "/" for 127.0.0.1 at 2013-11-14 20:52:26 -0600
Processing by HomeController#index as HTML
  Rendered home/index.html.haml within layouts/application (0.3ms)
Completed 200 OK in 1470ms (Views: 1469.6ms | ActiveRecord: 0.0ms)


Started GET "/" for 127.0.0.1 at 2013-11-14 21:00:23 -0600
Processing by HomeController#index as HTML
  Rendered home/index.html.haml within layouts/application (0.3ms)
Completed 200 OK in 318ms (Views: 318.1ms | ActiveRecord: 0.0ms)


Started GET "/api/v1/stories" for 127.0.0.1 at 2013-11-14 21:00:24 -0600
Processing by Api::V1::StoriesController#index as JSON
  [1m[35mStory Load (26.9ms)[0m  SELECT "stories".* FROM "stories"
Completed 200 OK in 113ms (Views: 22.2ms | ActiveRecord: 49.7ms)


Started GET "/specs" for 127.0.0.1 at 2013-11-14 21:03:52 -0600
Processing by JasmineRails::SpecRunnerController#index as HTML
  Rendered /Users/ajorczak/.rvm/gems/ruby-2.0.0-p247@railstutorial_rails_4.0/gems/jasmine-rails-0.4.9/app/views/jasmine_rails/spec_runner/index.html.erb within layouts/jasmine_rails/spec_runner (0.7ms)
Completed 200 OK in 256ms (Views: 255.8ms | ActiveRecord: 0.0ms)


Started GET "/" for 127.0.0.1 at 2013-11-14 21:52:05 -0600
  [1m[36mActiveRecord::SchemaMigration Load (31.8ms)[0m  [1mSELECT "schema_migrations".* FROM "schema_migrations"[0m
Processing by HomeController#index as HTML
  Rendered home/index.html.haml within layouts/application (4.5ms)
Completed 200 OK in 486ms (Views: 485.2ms | ActiveRecord: 0.0ms)


Started GET "/" for 127.0.0.1 at 2013-11-14 21:53:53 -0600
Processing by HomeController#index as HTML
  Rendered home/index.html.haml within layouts/application (0.2ms)
Completed 200 OK in 71ms (Views: 70.7ms | ActiveRecord: 0.0ms)
  [1m[36mStory Load (63.8ms)[0m  [1mSELECT "stories".* FROM "stories"[0m


Started GET "/" for 127.0.0.1 at 2013-11-14 21:55:04 -0600
Processing by HomeController#index as HTML
  Rendered home/index.html.haml within layouts/application (0.3ms)
Completed 200 OK in 83ms (Views: 82.5ms | ActiveRecord: 0.0ms)


Started GET "/api/v1/stories" for 127.0.0.1 at 2013-11-14 21:55:16 -0600
Processing by Api::V1::StoriesController#index as JSON
  [1m[35mStory Load (29.4ms)[0m  SELECT "stories".* FROM "stories"
Completed 200 OK in 128ms (Views: 16.2ms | ActiveRecord: 75.8ms)


Started GET "/" for 127.0.0.1 at 2013-11-14 21:55:20 -0600
Processing by HomeController#index as HTML
  Rendered home/index.html.haml within layouts/application (0.2ms)
Completed 200 OK in 20ms (Views: 19.4ms | ActiveRecord: 0.0ms)


Started GET "/api/v1/stories" for 127.0.0.1 at 2013-11-14 21:55:21 -0600
Processing by Api::V1::StoriesController#index as JSON
  [1m[36mStory Load (0.4ms)[0m  [1mSELECT "stories".* FROM "stories"[0m
Completed 200 OK in 4ms (Views: 1.2ms | ActiveRecord: 0.4ms)


Started GET "/" for 127.0.0.1 at 2013-11-22 10:39:45 -0600

PG::ConnectionBad - could not connect to server: No such file or directory
	Is the server running locally and accepting
	connections on Unix domain socket "/tmp/.s.PGSQL.5432"?
:
  activerecord (4.0.1) lib/active_record/connection_adapters/postgresql_adapter.rb:831:in `connect'
  activerecord (4.0.1) lib/active_record/connection_adapters/postgresql_adapter.rb:548:in `initialize'
  activerecord (4.0.1) lib/active_record/connection_adapters/postgresql_adapter.rb:41:in `postgresql_connection'
  activerecord (4.0.1) lib/active_record/connection_adapters/abstract/connection_pool.rb:440:in `new_connection'
  activerecord (4.0.1) lib/active_record/connection_adapters/abstract/connection_pool.rb:450:in `checkout_new_connection'
  activerecord (4.0.1) lib/active_record/connection_adapters/abstract/connection_pool.rb:421:in `acquire_connection'
  activerecord (4.0.1) lib/active_record/connection_adapters/abstract/connection_pool.rb:356:in `block in checkout'
  /Users/ajorczak/.rvm/rubies/ruby-2.0.0-p247/lib/ruby/2.0.0/monitor.rb:211:in `mon_synchronize'
  activerecord (4.0.1) lib/active_record/connection_adapters/abstract/connection_pool.rb:355:in `checkout'
  activerecord (4.0.1) lib/active_record/connection_adapters/abstract/connection_pool.rb:265:in `block in connection'
  /Users/ajorczak/.rvm/rubies/ruby-2.0.0-p247/lib/ruby/2.0.0/monitor.rb:211:in `mon_synchronize'
  activerecord (4.0.1) lib/active_record/connection_adapters/abstract/connection_pool.rb:264:in `connection'
  activerecord (4.0.1) lib/active_record/connection_adapters/abstract/connection_pool.rb:546:in `retrieve_connection'
  activerecord (4.0.1) lib/active_record/connection_handling.rb:79:in `retrieve_connection'
  activerecord (4.0.1) lib/active_record/connection_handling.rb:53:in `connection'
  activerecord (4.0.1) lib/active_record/migration.rb:792:in `current_version'
  activerecord (4.0.1) lib/active_record/migration.rb:800:in `needs_migration?'
  activerecord (4.0.1) lib/active_record/migration.rb:379:in `check_pending!'
  activerecord (4.0.1) lib/active_record/migration.rb:366:in `call'
  actionpack (4.0.1) lib/action_dispatch/middleware/callbacks.rb:29:in `block in call'
  activesupport (4.0.1) lib/active_support/callbacks.rb:373:in `_run__538299793162056508__call__callbacks'
  activesupport (4.0.1) lib/active_support/callbacks.rb:80:in `run_callbacks'
  actionpack (4.0.1) lib/action_dispatch/middleware/callbacks.rb:27:in `call'
  actionpack (4.0.1) lib/action_dispatch/middleware/reloader.rb:64:in `call'
  actionpack (4.0.1) lib/action_dispatch/middleware/remote_ip.rb:76:in `call'
  better_errors (1.0.1) lib/better_errors/middleware.rb:84:in `protected_app_call'
  better_errors (1.0.1) lib/better_errors/middleware.rb:79:in `better_errors_call'
  better_errors (1.0.1) lib/better_errors/middleware.rb:56:in `call'
  actionpack (4.0.1) lib/action_dispatch/middleware/debug_exceptions.rb:17:in `call'
  actionpack (4.0.1) lib/action_dispatch/middleware/show_exceptions.rb:30:in `call'
  railties (4.0.1) lib/rails/rack/logger.rb:38:in `call_app'
  railties (4.0.1) lib/rails/rack/logger.rb:20:in `block in call'
  activesupport (4.0.1) lib/active_support/tagged_logging.rb:67:in `block in tagged'
  activesupport (4.0.1) lib/active_support/tagged_logging.rb:25:in `tagged'
  activesupport (4.0.1) lib/active_support/tagged_logging.rb:67:in `tagged'
  railties (4.0.1) lib/rails/rack/logger.rb:20:in `call'
  quiet_assets (1.0.2) lib/quiet_assets.rb:18:in `call_with_quiet_assets'
  actionpack (4.0.1) lib/action_dispatch/middleware/request_id.rb:21:in `call'
  rack (1.5.2) lib/rack/methodoverride.rb:21:in `call'
  rack (1.5.2) lib/rack/runtime.rb:17:in `call'
  activesupport (4.0.1) lib/active_support/cache/strategy/local_cache.rb:83:in `call'
  rack (1.5.2) lib/rack/lock.rb:17:in `call'
  actionpack (4.0.1) lib/action_dispatch/middleware/static.rb:64:in `call'
  rack (1.5.2) lib/rack/sendfile.rb:112:in `call'
  railties (4.0.1) lib/rails/engine.rb:511:in `call'
  railties (4.0.1) lib/rails/application.rb:97:in `call'
  rack (1.5.2) lib/rack/lock.rb:17:in `call'
  rack (1.5.2) lib/rack/content_length.rb:14:in `call'
  rack (1.5.2) lib/rack/handler/webrick.rb:60:in `service'
  webrick (1.3.1) lib/webrick/httpserver.rb:138:in `service'
  webrick (1.3.1) lib/webrick/httpserver.rb:94:in `run'
  webrick (1.3.1) lib/webrick/server.rb:191:in `block in start_thread'



Started POST "/__better_errors/70247841284560/variables" for 127.0.0.1 at 2013-11-22 10:39:45 -0600


Started GET "/" for 127.0.0.1 at 2013-11-22 10:40:12 -0600
  [1m[36mActiveRecord::SchemaMigration Load (34.0ms)[0m  [1mSELECT "schema_migrations".* FROM "schema_migrations"[0m
Processing by HomeController#index as HTML
  Rendered home/index.html.haml within layouts/application (41.0ms)
Completed 200 OK in 819ms (Views: 817.6ms | ActiveRecord: 0.0ms)


Started GET "/" for 127.0.0.1 at 2013-11-22 10:47:27 -0600
  [1m[36mActiveRecord::SchemaMigration Load (0.5ms)[0m  [1mSELECT "schema_migrations".* FROM "schema_migrations"[0m
Processing by HomeController#index as HTML
  Rendered home/index.html.haml within layouts/application (3.1ms)
Completed 200 OK in 331ms (Views: 330.3ms | ActiveRecord: 0.0ms)


Started GET "/home" for 127.0.0.1 at 2013-11-22 10:48:01 -0600

ActionController::RoutingError (No route matches [GET] "/home"):
  actionpack (4.0.1) lib/action_dispatch/middleware/debug_exceptions.rb:21:in `call'
  actionpack (4.0.1) lib/action_dispatch/middleware/show_exceptions.rb:30:in `call'
  railties (4.0.1) lib/rails/rack/logger.rb:38:in `call_app'
  railties (4.0.1) lib/rails/rack/logger.rb:20:in `block in call'
  activesupport (4.0.1) lib/active_support/tagged_logging.rb:67:in `block in tagged'
  activesupport (4.0.1) lib/active_support/tagged_logging.rb:25:in `tagged'
  activesupport (4.0.1) lib/active_support/tagged_logging.rb:67:in `tagged'
  railties (4.0.1) lib/rails/rack/logger.rb:20:in `call'
  quiet_assets (1.0.2) lib/quiet_assets.rb:18:in `call_with_quiet_assets'
  actionpack (4.0.1) lib/action_dispatch/middleware/request_id.rb:21:in `call'
  rack (1.5.2) lib/rack/methodoverride.rb:21:in `call'
  rack (1.5.2) lib/rack/runtime.rb:17:in `call'
  activesupport (4.0.1) lib/active_support/cache/strategy/local_cache.rb:83:in `call'
  rack (1.5.2) lib/rack/lock.rb:17:in `call'
  actionpack (4.0.1) lib/action_dispatch/middleware/static.rb:64:in `call'
  rack (1.5.2) lib/rack/sendfile.rb:112:in `call'
  railties (4.0.1) lib/rails/engine.rb:511:in `call'
  railties (4.0.1) lib/rails/application.rb:97:in `call'
  rack (1.5.2) lib/rack/lock.rb:17:in `call'
  rack (1.5.2) lib/rack/content_length.rb:14:in `call'
  rack (1.5.2) lib/rack/handler/webrick.rb:60:in `service'
  webrick (1.3.1) lib/webrick/httpserver.rb:138:in `service'
  webrick (1.3.1) lib/webrick/httpserver.rb:94:in `run'
  webrick (1.3.1) lib/webrick/server.rb:191:in `block in start_thread'


  Rendered /Users/ajorczak/.rvm/gems/ruby-2.0.0-p247@railstutorial_rails_4.0/gems/actionpack-4.0.1/lib/action_dispatch/middleware/templates/rescues/_trace.erb (1.5ms)
  Rendered /Users/ajorczak/.rvm/gems/ruby-2.0.0-p247@railstutorial_rails_4.0/gems/actionpack-4.0.1/lib/action_dispatch/middleware/templates/routes/_route.html.erb (1.6ms)
  Rendered /Users/ajorczak/.rvm/gems/ruby-2.0.0-p247@railstutorial_rails_4.0/gems/actionpack-4.0.1/lib/action_dispatch/middleware/templates/routes/_route.html.erb (0.2ms)
  Rendered /Users/ajorczak/.rvm/gems/ruby-2.0.0-p247@railstutorial_rails_4.0/gems/actionpack-4.0.1/lib/action_dispatch/middleware/templates/routes/_table.html.erb (25.9ms)
  Rendered /Users/ajorczak/.rvm/gems/ruby-2.0.0-p247@railstutorial_rails_4.0/gems/actionpack-4.0.1/lib/action_dispatch/middleware/templates/rescues/routing_error.erb within rescues/layout (84.7ms)


Started GET "/home" for 127.0.0.1 at 2013-11-22 10:48:25 -0600

ActionController::RoutingError (No route matches [GET] "/home"):
  actionpack (4.0.1) lib/action_dispatch/middleware/debug_exceptions.rb:21:in `call'
  actionpack (4.0.1) lib/action_dispatch/middleware/show_exceptions.rb:30:in `call'
  railties (4.0.1) lib/rails/rack/logger.rb:38:in `call_app'
  railties (4.0.1) lib/rails/rack/logger.rb:20:in `block in call'
  activesupport (4.0.1) lib/active_support/tagged_logging.rb:67:in `block in tagged'
  activesupport (4.0.1) lib/active_support/tagged_logging.rb:25:in `tagged'
  activesupport (4.0.1) lib/active_support/tagged_logging.rb:67:in `tagged'
  railties (4.0.1) lib/rails/rack/logger.rb:20:in `call'
  quiet_assets (1.0.2) lib/quiet_assets.rb:18:in `call_with_quiet_assets'
  actionpack (4.0.1) lib/action_dispatch/middleware/request_id.rb:21:in `call'
  rack (1.5.2) lib/rack/methodoverride.rb:21:in `call'
  rack (1.5.2) lib/rack/runtime.rb:17:in `call'
  activesupport (4.0.1) lib/active_support/cache/strategy/local_cache.rb:83:in `call'
  rack (1.5.2) lib/rack/lock.rb:17:in `call'
  actionpack (4.0.1) lib/action_dispatch/middleware/static.rb:64:in `call'
  rack (1.5.2) lib/rack/sendfile.rb:112:in `call'
  railties (4.0.1) lib/rails/engine.rb:511:in `call'
  railties (4.0.1) lib/rails/application.rb:97:in `call'
  rack (1.5.2) lib/rack/lock.rb:17:in `call'
  rack (1.5.2) lib/rack/content_length.rb:14:in `call'
  rack (1.5.2) lib/rack/handler/webrick.rb:60:in `service'
  webrick (1.3.1) lib/webrick/httpserver.rb:138:in `service'
  webrick (1.3.1) lib/webrick/httpserver.rb:94:in `run'
  webrick (1.3.1) lib/webrick/server.rb:191:in `block in start_thread'


  Rendered /Users/ajorczak/.rvm/gems/ruby-2.0.0-p247@railstutorial_rails_4.0/gems/actionpack-4.0.1/lib/action_dispatch/middleware/templates/rescues/_trace.erb (1.3ms)
  Rendered /Users/ajorczak/.rvm/gems/ruby-2.0.0-p247@railstutorial_rails_4.0/gems/actionpack-4.0.1/lib/action_dispatch/middleware/templates/routes/_route.html.erb (1.3ms)
  Rendered /Users/ajorczak/.rvm/gems/ruby-2.0.0-p247@railstutorial_rails_4.0/gems/actionpack-4.0.1/lib/action_dispatch/middleware/templates/routes/_route.html.erb (0.2ms)
  Rendered /Users/ajorczak/.rvm/gems/ruby-2.0.0-p247@railstutorial_rails_4.0/gems/actionpack-4.0.1/lib/action_dispatch/middleware/templates/routes/_table.html.erb (1.3ms)
  Rendered /Users/ajorczak/.rvm/gems/ruby-2.0.0-p247@railstutorial_rails_4.0/gems/actionpack-4.0.1/lib/action_dispatch/middleware/templates/rescues/routing_error.erb within rescues/layout (22.2ms)


Started GET "/" for 127.0.0.1 at 2013-11-22 10:48:28 -0600
Processing by WelcomeController#index as HTML
  Rendered welcome/index.html.haml within layouts/application (4.2ms)
Completed 500 Internal Server Error in 8ms

Haml::SyntaxError - Illegal nesting: content can't be both given on the same line as %h2 and nested within it.:
  app/views/welcome/index.html.haml:2:in `'
  haml (4.0.4) lib/haml/parser.rb:393:in `tag'
  haml (4.0.4) lib/haml/parser.rb:213:in `process_line'
  haml (4.0.4) lib/haml/parser.rb:121:in `parse'
  haml (4.0.4) lib/haml/engine.rb:66:in `initialize'
  haml (4.0.4) lib/haml/template/plugin.rb:25:in `compile'
  haml (4.0.4) lib/haml/template/plugin.rb:30:in `call'
  actionpack (4.0.1) lib/action_view/template.rb:272:in `compile'
  actionpack (4.0.1) lib/action_view/template.rb:248:in `block in compile!'
  actionpack (4.0.1) lib/action_view/template.rb:236:in `compile!'
  actionpack (4.0.1) lib/action_view/template.rb:142:in `block in render'
  activesupport (4.0.1) lib/active_support/notifications.rb:159:in `block in instrument'
  activesupport (4.0.1) lib/active_support/notifications/instrumenter.rb:20:in `instrument'
  activesupport (4.0.1) lib/active_support/notifications.rb:159:in `instrument'
  actionpack (4.0.1) lib/action_view/template.rb:141:in `render'
  actionpack (4.0.1) lib/action_view/renderer/template_renderer.rb:49:in `block (2 levels) in render_template'
  actionpack (4.0.1) lib/action_view/renderer/abstract_renderer.rb:38:in `block in instrument'
  activesupport (4.0.1) lib/active_support/notifications.rb:159:in `block in instrument'
  activesupport (4.0.1) lib/active_support/notifications/instrumenter.rb:20:in `instrument'
  activesupport (4.0.1) lib/active_support/notifications.rb:159:in `instrument'
  actionpack (4.0.1) lib/action_view/renderer/abstract_renderer.rb:38:in `instrument'
  actionpack (4.0.1) lib/action_view/renderer/template_renderer.rb:48:in `block in render_template'
  actionpack (4.0.1) lib/action_view/renderer/template_renderer.rb:56:in `render_with_layout'
  actionpack (4.0.1) lib/action_view/renderer/template_renderer.rb:47:in `render_template'
  actionpack (4.0.1) lib/action_view/renderer/template_renderer.rb:17:in `render'
  actionpack (4.0.1) lib/action_view/renderer/renderer.rb:42:in `render_template'
  actionpack (4.0.1) lib/action_view/renderer/renderer.rb:23:in `render'
  actionpack (4.0.1) lib/abstract_controller/rendering.rb:127:in `_render_template'
  actionpack (4.0.1) lib/action_controller/metal/streaming.rb:219:in `_render_template'
  actionpack (4.0.1) lib/abstract_controller/rendering.rb:120:in `render_to_body'
  actionpack (4.0.1) lib/action_controller/metal/rendering.rb:33:in `render_to_body'
  actionpack (4.0.1) lib/action_controller/metal/renderers.rb:26:in `render_to_body'
  actionpack (4.0.1) lib/abstract_controller/rendering.rb:97:in `render'
  actionpack (4.0.1) lib/action_controller/metal/rendering.rb:16:in `render'
  actionpack (4.0.1) lib/action_controller/metal/instrumentation.rb:41:in `block (2 levels) in render'
  activesupport (4.0.1) lib/active_support/core_ext/benchmark.rb:12:in `block in ms'
  /Users/ajorczak/.rvm/rubies/ruby-2.0.0-p247/lib/ruby/2.0.0/benchmark.rb:296:in `realtime'
  activesupport (4.0.1) lib/active_support/core_ext/benchmark.rb:12:in `ms'
  actionpack (4.0.1) lib/action_controller/metal/instrumentation.rb:41:in `block in render'
  actionpack (4.0.1) lib/action_controller/metal/instrumentation.rb:84:in `cleanup_view_runtime'
  activerecord (4.0.1) lib/active_record/railties/controller_runtime.rb:25:in `cleanup_view_runtime'
  actionpack (4.0.1) lib/action_controller/metal/instrumentation.rb:40:in `render'
  actionpack (4.0.1) lib/action_controller/metal/implicit_render.rb:10:in `default_render'
  actionpack (4.0.1) lib/action_controller/metal/implicit_render.rb:4:in `send_action'
  actionpack (4.0.1) lib/abstract_controller/base.rb:189:in `process_action'
  actionpack (4.0.1) lib/action_controller/metal/rendering.rb:10:in `process_action'
  actionpack (4.0.1) lib/abstract_controller/callbacks.rb:18:in `block in process_action'
  activesupport (4.0.1) lib/active_support/callbacks.rb:383:in `_run__1009208331119472936__process_action__callbacks'
  activesupport (4.0.1) lib/active_support/callbacks.rb:80:in `run_callbacks'
  actionpack (4.0.1) lib/abstract_controller/callbacks.rb:17:in `process_action'
  actionpack (4.0.1) lib/action_controller/metal/rescue.rb:29:in `process_action'
  actionpack (4.0.1) lib/action_controller/metal/instrumentation.rb:31:in `block in process_action'
  activesupport (4.0.1) lib/active_support/notifications.rb:159:in `block in instrument'
  activesupport (4.0.1) lib/active_support/notifications/instrumenter.rb:20:in `instrument'
  activesupport (4.0.1) lib/active_support/notifications.rb:159:in `instrument'
  actionpack (4.0.1) lib/action_controller/metal/instrumentation.rb:30:in `process_action'
  actionpack (4.0.1) lib/action_controller/metal/params_wrapper.rb:245:in `process_action'
  activerecord (4.0.1) lib/active_record/railties/controller_runtime.rb:18:in `process_action'
  actionpack (4.0.1) lib/abstract_controller/base.rb:136:in `process'
  actionpack (4.0.1) lib/abstract_controller/rendering.rb:44:in `process'
  actionpack (4.0.1) lib/action_controller/metal.rb:195:in `dispatch'
  actionpack (4.0.1) lib/action_controller/metal/rack_delegation.rb:13:in `dispatch'
  actionpack (4.0.1) lib/action_controller/metal.rb:231:in `block in action'
  actionpack (4.0.1) lib/action_dispatch/routing/route_set.rb:80:in `dispatch'
  actionpack (4.0.1) lib/action_dispatch/routing/route_set.rb:48:in `call'
  actionpack (4.0.1) lib/action_dispatch/journey/router.rb:71:in `block in call'
  actionpack (4.0.1) lib/action_dispatch/journey/router.rb:59:in `call'
  actionpack (4.0.1) lib/action_dispatch/routing/route_set.rb:680:in `call'
  newrelic_rpm (3.6.9.171) lib/new_relic/rack/error_collector.rb:50:in `call'
  newrelic_rpm (3.6.9.171) lib/new_relic/rack/agent_hooks.rb:28:in `call'
  newrelic_rpm (3.6.9.171) lib/new_relic/rack/browser_monitoring.rb:23:in `call'
  newrelic_rpm (3.6.9.171) lib/new_relic/rack/developer_mode.rb:42:in `call'
  rack (1.5.2) lib/rack/etag.rb:23:in `call'
  rack (1.5.2) lib/rack/conditionalget.rb:25:in `call'
  rack (1.5.2) lib/rack/head.rb:11:in `call'
  actionpack (4.0.1) lib/action_dispatch/middleware/params_parser.rb:27:in `call'
  actionpack (4.0.1) lib/action_dispatch/middleware/flash.rb:241:in `call'
  rack (1.5.2) lib/rack/session/abstract/id.rb:225:in `context'
  rack (1.5.2) lib/rack/session/abstract/id.rb:220:in `call'
  actionpack (4.0.1) lib/action_dispatch/middleware/cookies.rb:486:in `call'
  activerecord (4.0.1) lib/active_record/query_cache.rb:36:in `call'
  activerecord (4.0.1) lib/active_record/connection_adapters/abstract/connection_pool.rb:626:in `call'
  activerecord (4.0.1) lib/active_record/migration.rb:369:in `call'
  actionpack (4.0.1) lib/action_dispatch/middleware/callbacks.rb:29:in `block in call'
  activesupport (4.0.1) lib/active_support/callbacks.rb:373:in `_run__2414981143212348068__call__callbacks'
  activesupport (4.0.1) lib/active_support/callbacks.rb:80:in `run_callbacks'
  actionpack (4.0.1) lib/action_dispatch/middleware/callbacks.rb:27:in `call'
  actionpack (4.0.1) lib/action_dispatch/middleware/reloader.rb:64:in `call'
  actionpack (4.0.1) lib/action_dispatch/middleware/remote_ip.rb:76:in `call'
  better_errors (1.0.1) lib/better_errors/middleware.rb:84:in `protected_app_call'
  better_errors (1.0.1) lib/better_errors/middleware.rb:79:in `better_errors_call'
  better_errors (1.0.1) lib/better_errors/middleware.rb:56:in `call'
  actionpack (4.0.1) lib/action_dispatch/middleware/debug_exceptions.rb:17:in `call'
  actionpack (4.0.1) lib/action_dispatch/middleware/show_exceptions.rb:30:in `call'
  railties (4.0.1) lib/rails/rack/logger.rb:38:in `call_app'
  railties (4.0.1) lib/rails/rack/logger.rb:20:in `block in call'
  activesupport (4.0.1) lib/active_support/tagged_logging.rb:67:in `block in tagged'
  activesupport (4.0.1) lib/active_support/tagged_logging.rb:25:in `tagged'
  activesupport (4.0.1) lib/active_support/tagged_logging.rb:67:in `tagged'
  railties (4.0.1) lib/rails/rack/logger.rb:20:in `call'
  quiet_assets (1.0.2) lib/quiet_assets.rb:18:in `call_with_quiet_assets'
  actionpack (4.0.1) lib/action_dispatch/middleware/request_id.rb:21:in `call'
  rack (1.5.2) lib/rack/methodoverride.rb:21:in `call'
  rack (1.5.2) lib/rack/runtime.rb:17:in `call'
  activesupport (4.0.1) lib/active_support/cache/strategy/local_cache.rb:83:in `call'
  rack (1.5.2) lib/rack/lock.rb:17:in `call'
  actionpack (4.0.1) lib/action_dispatch/middleware/static.rb:64:in `call'
  rack (1.5.2) lib/rack/sendfile.rb:112:in `call'
  railties (4.0.1) lib/rails/engine.rb:511:in `call'
  railties (4.0.1) lib/rails/application.rb:97:in `call'
  rack (1.5.2) lib/rack/lock.rb:17:in `call'
  rack (1.5.2) lib/rack/content_length.rb:14:in `call'
  rack (1.5.2) lib/rack/handler/webrick.rb:60:in `service'
  webrick (1.3.1) lib/webrick/httpserver.rb:138:in `service'
  webrick (1.3.1) lib/webrick/httpserver.rb:94:in `run'
  webrick (1.3.1) lib/webrick/server.rb:191:in `block in start_thread'



Started POST "/__better_errors/70211189079560/variables" for 127.0.0.1 at 2013-11-22 10:48:29 -0600


Started GET "/" for 127.0.0.1 at 2013-11-22 10:48:46 -0600
Processing by WelcomeController#index as HTML
  Rendered welcome/index.html.haml within layouts/application (1.3ms)
Completed 500 Internal Server Error in 4ms

Haml::SyntaxError - Illegal nesting: content can't be both given on the same line as %p and nested within it.:
  app/views/welcome/index.html.haml:3:in `'
  haml (4.0.4) lib/haml/parser.rb:393:in `tag'
  haml (4.0.4) lib/haml/parser.rb:213:in `process_line'
  haml (4.0.4) lib/haml/parser.rb:121:in `parse'
  haml (4.0.4) lib/haml/engine.rb:66:in `initialize'
  haml (4.0.4) lib/haml/template/plugin.rb:25:in `compile'
  haml (4.0.4) lib/haml/template/plugin.rb:30:in `call'
  actionpack (4.0.1) lib/action_view/template.rb:272:in `compile'
  actionpack (4.0.1) lib/action_view/template.rb:248:in `block in compile!'
  actionpack (4.0.1) lib/action_view/template.rb:236:in `compile!'
  actionpack (4.0.1) lib/action_view/template.rb:142:in `block in render'
  activesupport (4.0.1) lib/active_support/notifications.rb:159:in `block in instrument'
  activesupport (4.0.1) lib/active_support/notifications/instrumenter.rb:20:in `instrument'
  activesupport (4.0.1) lib/active_support/notifications.rb:159:in `instrument'
  actionpack (4.0.1) lib/action_view/template.rb:141:in `render'
  actionpack (4.0.1) lib/action_view/renderer/template_renderer.rb:49:in `block (2 levels) in render_template'
  actionpack (4.0.1) lib/action_view/renderer/abstract_renderer.rb:38:in `block in instrument'
  activesupport (4.0.1) lib/active_support/notifications.rb:159:in `block in instrument'
  activesupport (4.0.1) lib/active_support/notifications/instrumenter.rb:20:in `instrument'
  activesupport (4.0.1) lib/active_support/notifications.rb:159:in `instrument'
  actionpack (4.0.1) lib/action_view/renderer/abstract_renderer.rb:38:in `instrument'
  actionpack (4.0.1) lib/action_view/renderer/template_renderer.rb:48:in `block in render_template'
  actionpack (4.0.1) lib/action_view/renderer/template_renderer.rb:56:in `render_with_layout'
  actionpack (4.0.1) lib/action_view/renderer/template_renderer.rb:47:in `render_template'
  actionpack (4.0.1) lib/action_view/renderer/template_renderer.rb:17:in `render'
  actionpack (4.0.1) lib/action_view/renderer/renderer.rb:42:in `render_template'
  actionpack (4.0.1) lib/action_view/renderer/renderer.rb:23:in `render'
  actionpack (4.0.1) lib/abstract_controller/rendering.rb:127:in `_render_template'
  actionpack (4.0.1) lib/action_controller/metal/streaming.rb:219:in `_render_template'
  actionpack (4.0.1) lib/abstract_controller/rendering.rb:120:in `render_to_body'
  actionpack (4.0.1) lib/action_controller/metal/rendering.rb:33:in `render_to_body'
  actionpack (4.0.1) lib/action_controller/metal/renderers.rb:26:in `render_to_body'
  actionpack (4.0.1) lib/abstract_controller/rendering.rb:97:in `render'
  actionpack (4.0.1) lib/action_controller/metal/rendering.rb:16:in `render'
  actionpack (4.0.1) lib/action_controller/metal/instrumentation.rb:41:in `block (2 levels) in render'
  activesupport (4.0.1) lib/active_support/core_ext/benchmark.rb:12:in `block in ms'
  /Users/ajorczak/.rvm/rubies/ruby-2.0.0-p247/lib/ruby/2.0.0/benchmark.rb:296:in `realtime'
  activesupport (4.0.1) lib/active_support/core_ext/benchmark.rb:12:in `ms'
  actionpack (4.0.1) lib/action_controller/metal/instrumentation.rb:41:in `block in render'
  actionpack (4.0.1) lib/action_controller/metal/instrumentation.rb:84:in `cleanup_view_runtime'
  activerecord (4.0.1) lib/active_record/railties/controller_runtime.rb:25:in `cleanup_view_runtime'
  actionpack (4.0.1) lib/action_controller/metal/instrumentation.rb:40:in `render'
  actionpack (4.0.1) lib/action_controller/metal/implicit_render.rb:10:in `default_render'
  actionpack (4.0.1) lib/action_controller/metal/implicit_render.rb:4:in `send_action'
  actionpack (4.0.1) lib/abstract_controller/base.rb:189:in `process_action'
  actionpack (4.0.1) lib/action_controller/metal/rendering.rb:10:in `process_action'
  actionpack (4.0.1) lib/abstract_controller/callbacks.rb:18:in `block in process_action'
  activesupport (4.0.1) lib/active_support/callbacks.rb:383:in `_run__1009208331119472936__process_action__callbacks'
  activesupport (4.0.1) lib/active_support/callbacks.rb:80:in `run_callbacks'
  actionpack (4.0.1) lib/abstract_controller/callbacks.rb:17:in `process_action'
  actionpack (4.0.1) lib/action_controller/metal/rescue.rb:29:in `process_action'
  actionpack (4.0.1) lib/action_controller/metal/instrumentation.rb:31:in `block in process_action'
  activesupport (4.0.1) lib/active_support/notifications.rb:159:in `block in instrument'
  activesupport (4.0.1) lib/active_support/notifications/instrumenter.rb:20:in `instrument'
  activesupport (4.0.1) lib/active_support/notifications.rb:159:in `instrument'
  actionpack (4.0.1) lib/action_controller/metal/instrumentation.rb:30:in `process_action'
  actionpack (4.0.1) lib/action_controller/metal/params_wrapper.rb:245:in `process_action'
  activerecord (4.0.1) lib/active_record/railties/controller_runtime.rb:18:in `process_action'
  actionpack (4.0.1) lib/abstract_controller/base.rb:136:in `process'
  actionpack (4.0.1) lib/abstract_controller/rendering.rb:44:in `process'
  actionpack (4.0.1) lib/action_controller/metal.rb:195:in `dispatch'
  actionpack (4.0.1) lib/action_controller/metal/rack_delegation.rb:13:in `dispatch'
  actionpack (4.0.1) lib/action_controller/metal.rb:231:in `block in action'
  actionpack (4.0.1) lib/action_dispatch/routing/route_set.rb:80:in `dispatch'
  actionpack (4.0.1) lib/action_dispatch/routing/route_set.rb:48:in `call'
  actionpack (4.0.1) lib/action_dispatch/journey/router.rb:71:in `block in call'
  actionpack (4.0.1) lib/action_dispatch/journey/router.rb:59:in `call'
  actionpack (4.0.1) lib/action_dispatch/routing/route_set.rb:680:in `call'
  newrelic_rpm (3.6.9.171) lib/new_relic/rack/error_collector.rb:50:in `call'
  newrelic_rpm (3.6.9.171) lib/new_relic/rack/agent_hooks.rb:28:in `call'
  newrelic_rpm (3.6.9.171) lib/new_relic/rack/browser_monitoring.rb:23:in `call'
  newrelic_rpm (3.6.9.171) lib/new_relic/rack/developer_mode.rb:42:in `call'
  rack (1.5.2) lib/rack/etag.rb:23:in `call'
  rack (1.5.2) lib/rack/conditionalget.rb:25:in `call'
  rack (1.5.2) lib/rack/head.rb:11:in `call'
  actionpack (4.0.1) lib/action_dispatch/middleware/params_parser.rb:27:in `call'
  actionpack (4.0.1) lib/action_dispatch/middleware/flash.rb:241:in `call'
  rack (1.5.2) lib/rack/session/abstract/id.rb:225:in `context'
  rack (1.5.2) lib/rack/session/abstract/id.rb:220:in `call'
  actionpack (4.0.1) lib/action_dispatch/middleware/cookies.rb:486:in `call'
  activerecord (4.0.1) lib/active_record/query_cache.rb:36:in `call'
  activerecord (4.0.1) lib/active_record/connection_adapters/abstract/connection_pool.rb:626:in `call'
  activerecord (4.0.1) lib/active_record/migration.rb:369:in `call'
  actionpack (4.0.1) lib/action_dispatch/middleware/callbacks.rb:29:in `block in call'
  activesupport (4.0.1) lib/active_support/callbacks.rb:373:in `_run__2414981143212348068__call__callbacks'
  activesupport (4.0.1) lib/active_support/callbacks.rb:80:in `run_callbacks'
  actionpack (4.0.1) lib/action_dispatch/middleware/callbacks.rb:27:in `call'
  actionpack (4.0.1) lib/action_dispatch/middleware/reloader.rb:64:in `call'
  actionpack (4.0.1) lib/action_dispatch/middleware/remote_ip.rb:76:in `call'
  better_errors (1.0.1) lib/better_errors/middleware.rb:84:in `protected_app_call'
  better_errors (1.0.1) lib/better_errors/middleware.rb:79:in `better_errors_call'
  better_errors (1.0.1) lib/better_errors/middleware.rb:56:in `call'
  actionpack (4.0.1) lib/action_dispatch/middleware/debug_exceptions.rb:17:in `call'
  actionpack (4.0.1) lib/action_dispatch/middleware/show_exceptions.rb:30:in `call'
  railties (4.0.1) lib/rails/rack/logger.rb:38:in `call_app'
  railties (4.0.1) lib/rails/rack/logger.rb:20:in `block in call'
  activesupport (4.0.1) lib/active_support/tagged_logging.rb:67:in `block in tagged'
  activesupport (4.0.1) lib/active_support/tagged_logging.rb:25:in `tagged'
  activesupport (4.0.1) lib/active_support/tagged_logging.rb:67:in `tagged'
  railties (4.0.1) lib/rails/rack/logger.rb:20:in `call'
  quiet_assets (1.0.2) lib/quiet_assets.rb:18:in `call_with_quiet_assets'
  actionpack (4.0.1) lib/action_dispatch/middleware/request_id.rb:21:in `call'
  rack (1.5.2) lib/rack/methodoverride.rb:21:in `call'
  rack (1.5.2) lib/rack/runtime.rb:17:in `call'
  activesupport (4.0.1) lib/active_support/cache/strategy/local_cache.rb:83:in `call'
  rack (1.5.2) lib/rack/lock.rb:17:in `call'
  actionpack (4.0.1) lib/action_dispatch/middleware/static.rb:64:in `call'
  rack (1.5.2) lib/rack/sendfile.rb:112:in `call'
  railties (4.0.1) lib/rails/engine.rb:511:in `call'
  railties (4.0.1) lib/rails/application.rb:97:in `call'
  rack (1.5.2) lib/rack/lock.rb:17:in `call'
  rack (1.5.2) lib/rack/content_length.rb:14:in `call'
  rack (1.5.2) lib/rack/handler/webrick.rb:60:in `service'
  webrick (1.3.1) lib/webrick/httpserver.rb:138:in `service'
  webrick (1.3.1) lib/webrick/httpserver.rb:94:in `run'
  webrick (1.3.1) lib/webrick/server.rb:191:in `block in start_thread'



Started POST "/__better_errors/70211210409400/variables" for 127.0.0.1 at 2013-11-22 10:48:46 -0600


Started GET "/" for 127.0.0.1 at 2013-11-22 10:48:58 -0600
Processing by WelcomeController#index as HTML
  Rendered welcome/index.html.haml within layouts/application (1.2ms)
Completed 500 Internal Server Error in 3ms

Haml::SyntaxError - Illegal nesting: content can't be both given on the same line as %p and nested within it.:
  app/views/welcome/index.html.haml:3:in `'
  haml (4.0.4) lib/haml/parser.rb:393:in `tag'
  haml (4.0.4) lib/haml/parser.rb:213:in `process_line'
  haml (4.0.4) lib/haml/parser.rb:121:in `parse'
  haml (4.0.4) lib/haml/engine.rb:66:in `initialize'
  haml (4.0.4) lib/haml/template/plugin.rb:25:in `compile'
  haml (4.0.4) lib/haml/template/plugin.rb:30:in `call'
  actionpack (4.0.1) lib/action_view/template.rb:272:in `compile'
  actionpack (4.0.1) lib/action_view/template.rb:248:in `block in compile!'
  actionpack (4.0.1) lib/action_view/template.rb:236:in `compile!'
  actionpack (4.0.1) lib/action_view/template.rb:142:in `block in render'
  activesupport (4.0.1) lib/active_support/notifications.rb:159:in `block in instrument'
  activesupport (4.0.1) lib/active_support/notifications/instrumenter.rb:20:in `instrument'
  activesupport (4.0.1) lib/active_support/notifications.rb:159:in `instrument'
  actionpack (4.0.1) lib/action_view/template.rb:141:in `render'
  actionpack (4.0.1) lib/action_view/renderer/template_renderer.rb:49:in `block (2 levels) in render_template'
  actionpack (4.0.1) lib/action_view/renderer/abstract_renderer.rb:38:in `block in instrument'
  activesupport (4.0.1) lib/active_support/notifications.rb:159:in `block in instrument'
  activesupport (4.0.1) lib/active_support/notifications/instrumenter.rb:20:in `instrument'
  activesupport (4.0.1) lib/active_support/notifications.rb:159:in `instrument'
  actionpack (4.0.1) lib/action_view/renderer/abstract_renderer.rb:38:in `instrument'
  actionpack (4.0.1) lib/action_view/renderer/template_renderer.rb:48:in `block in render_template'
  actionpack (4.0.1) lib/action_view/renderer/template_renderer.rb:56:in `render_with_layout'
  actionpack (4.0.1) lib/action_view/renderer/template_renderer.rb:47:in `render_template'
  actionpack (4.0.1) lib/action_view/renderer/template_renderer.rb:17:in `render'
  actionpack (4.0.1) lib/action_view/renderer/renderer.rb:42:in `render_template'
  actionpack (4.0.1) lib/action_view/renderer/renderer.rb:23:in `render'
  actionpack (4.0.1) lib/abstract_controller/rendering.rb:127:in `_render_template'
  actionpack (4.0.1) lib/action_controller/metal/streaming.rb:219:in `_render_template'
  actionpack (4.0.1) lib/abstract_controller/rendering.rb:120:in `render_to_body'
  actionpack (4.0.1) lib/action_controller/metal/rendering.rb:33:in `render_to_body'
  actionpack (4.0.1) lib/action_controller/metal/renderers.rb:26:in `render_to_body'
  actionpack (4.0.1) lib/abstract_controller/rendering.rb:97:in `render'
  actionpack (4.0.1) lib/action_controller/metal/rendering.rb:16:in `render'
  actionpack (4.0.1) lib/action_controller/metal/instrumentation.rb:41:in `block (2 levels) in render'
  activesupport (4.0.1) lib/active_support/core_ext/benchmark.rb:12:in `block in ms'
  /Users/ajorczak/.rvm/rubies/ruby-2.0.0-p247/lib/ruby/2.0.0/benchmark.rb:296:in `realtime'
  activesupport (4.0.1) lib/active_support/core_ext/benchmark.rb:12:in `ms'
  actionpack (4.0.1) lib/action_controller/metal/instrumentation.rb:41:in `block in render'
  actionpack (4.0.1) lib/action_controller/metal/instrumentation.rb:84:in `cleanup_view_runtime'
  activerecord (4.0.1) lib/active_record/railties/controller_runtime.rb:25:in `cleanup_view_runtime'
  actionpack (4.0.1) lib/action_controller/metal/instrumentation.rb:40:in `render'
  actionpack (4.0.1) lib/action_controller/metal/implicit_render.rb:10:in `default_render'
  actionpack (4.0.1) lib/action_controller/metal/implicit_render.rb:4:in `send_action'
  actionpack (4.0.1) lib/abstract_controller/base.rb:189:in `process_action'
  actionpack (4.0.1) lib/action_controller/metal/rendering.rb:10:in `process_action'
  actionpack (4.0.1) lib/abstract_controller/callbacks.rb:18:in `block in process_action'
  activesupport (4.0.1) lib/active_support/callbacks.rb:383:in `_run__1009208331119472936__process_action__callbacks'
  activesupport (4.0.1) lib/active_support/callbacks.rb:80:in `run_callbacks'
  actionpack (4.0.1) lib/abstract_controller/callbacks.rb:17:in `process_action'
  actionpack (4.0.1) lib/action_controller/metal/rescue.rb:29:in `process_action'
  actionpack (4.0.1) lib/action_controller/metal/instrumentation.rb:31:in `block in process_action'
  activesupport (4.0.1) lib/active_support/notifications.rb:159:in `block in instrument'
  activesupport (4.0.1) lib/active_support/notifications/instrumenter.rb:20:in `instrument'
  activesupport (4.0.1) lib/active_support/notifications.rb:159:in `instrument'
  actionpack (4.0.1) lib/action_controller/metal/instrumentation.rb:30:in `process_action'
  actionpack (4.0.1) lib/action_controller/metal/params_wrapper.rb:245:in `process_action'
  activerecord (4.0.1) lib/active_record/railties/controller_runtime.rb:18:in `process_action'
  actionpack (4.0.1) lib/abstract_controller/base.rb:136:in `process'
  actionpack (4.0.1) lib/abstract_controller/rendering.rb:44:in `process'
  actionpack (4.0.1) lib/action_controller/metal.rb:195:in `dispatch'
  actionpack (4.0.1) lib/action_controller/metal/rack_delegation.rb:13:in `dispatch'
  actionpack (4.0.1) lib/action_controller/metal.rb:231:in `block in action'
  actionpack (4.0.1) lib/action_dispatch/routing/route_set.rb:80:in `dispatch'
  actionpack (4.0.1) lib/action_dispatch/routing/route_set.rb:48:in `call'
  actionpack (4.0.1) lib/action_dispatch/journey/router.rb:71:in `block in call'
  actionpack (4.0.1) lib/action_dispatch/journey/router.rb:59:in `call'
  actionpack (4.0.1) lib/action_dispatch/routing/route_set.rb:680:in `call'
  newrelic_rpm (3.6.9.171) lib/new_relic/rack/error_collector.rb:50:in `call'
  newrelic_rpm (3.6.9.171) lib/new_relic/rack/agent_hooks.rb:28:in `call'
  newrelic_rpm (3.6.9.171) lib/new_relic/rack/browser_monitoring.rb:23:in `call'
  newrelic_rpm (3.6.9.171) lib/new_relic/rack/developer_mode.rb:42:in `call'
  rack (1.5.2) lib/rack/etag.rb:23:in `call'
  rack (1.5.2) lib/rack/conditionalget.rb:25:in `call'
  rack (1.5.2) lib/rack/head.rb:11:in `call'
  actionpack (4.0.1) lib/action_dispatch/middleware/params_parser.rb:27:in `call'
  actionpack (4.0.1) lib/action_dispatch/middleware/flash.rb:241:in `call'
  rack (1.5.2) lib/rack/session/abstract/id.rb:225:in `context'
  rack (1.5.2) lib/rack/session/abstract/id.rb:220:in `call'
  actionpack (4.0.1) lib/action_dispatch/middleware/cookies.rb:486:in `call'
  activerecord (4.0.1) lib/active_record/query_cache.rb:36:in `call'
  activerecord (4.0.1) lib/active_record/connection_adapters/abstract/connection_pool.rb:626:in `call'
  activerecord (4.0.1) lib/active_record/migration.rb:369:in `call'
  actionpack (4.0.1) lib/action_dispatch/middleware/callbacks.rb:29:in `block in call'
  activesupport (4.0.1) lib/active_support/callbacks.rb:373:in `_run__2414981143212348068__call__callbacks'
  activesupport (4.0.1) lib/active_support/callbacks.rb:80:in `run_callbacks'
  actionpack (4.0.1) lib/action_dispatch/middleware/callbacks.rb:27:in `call'
  actionpack (4.0.1) lib/action_dispatch/middleware/reloader.rb:64:in `call'
  actionpack (4.0.1) lib/action_dispatch/middleware/remote_ip.rb:76:in `call'
  better_errors (1.0.1) lib/better_errors/middleware.rb:84:in `protected_app_call'
  better_errors (1.0.1) lib/better_errors/middleware.rb:79:in `better_errors_call'
  better_errors (1.0.1) lib/better_errors/middleware.rb:56:in `call'
  actionpack (4.0.1) lib/action_dispatch/middleware/debug_exceptions.rb:17:in `call'
  actionpack (4.0.1) lib/action_dispatch/middleware/show_exceptions.rb:30:in `call'
  railties (4.0.1) lib/rails/rack/logger.rb:38:in `call_app'
  railties (4.0.1) lib/rails/rack/logger.rb:20:in `block in call'
  activesupport (4.0.1) lib/active_support/tagged_logging.rb:67:in `block in tagged'
  activesupport (4.0.1) lib/active_support/tagged_logging.rb:25:in `tagged'
  activesupport (4.0.1) lib/active_support/tagged_logging.rb:67:in `tagged'
  railties (4.0.1) lib/rails/rack/logger.rb:20:in `call'
  quiet_assets (1.0.2) lib/quiet_assets.rb:18:in `call_with_quiet_assets'
  actionpack (4.0.1) lib/action_dispatch/middleware/request_id.rb:21:in `call'
  rack (1.5.2) lib/rack/methodoverride.rb:21:in `call'
  rack (1.5.2) lib/rack/runtime.rb:17:in `call'
  activesupport (4.0.1) lib/active_support/cache/strategy/local_cache.rb:83:in `call'
  rack (1.5.2) lib/rack/lock.rb:17:in `call'
  actionpack (4.0.1) lib/action_dispatch/middleware/static.rb:64:in `call'
  rack (1.5.2) lib/rack/sendfile.rb:112:in `call'
  railties (4.0.1) lib/rails/engine.rb:511:in `call'
  railties (4.0.1) lib/rails/application.rb:97:in `call'
  rack (1.5.2) lib/rack/lock.rb:17:in `call'
  rack (1.5.2) lib/rack/content_length.rb:14:in `call'
  rack (1.5.2) lib/rack/handler/webrick.rb:60:in `service'
  webrick (1.3.1) lib/webrick/httpserver.rb:138:in `service'
  webrick (1.3.1) lib/webrick/httpserver.rb:94:in `run'
  webrick (1.3.1) lib/webrick/server.rb:191:in `block in start_thread'



Started POST "/__better_errors/70211199625100/variables" for 127.0.0.1 at 2013-11-22 10:48:58 -0600


Started GET "/" for 127.0.0.1 at 2013-11-22 10:49:03 -0600
Processing by WelcomeController#index as HTML
  Rendered welcome/index.html.haml within layouts/application (1.4ms)
Completed 200 OK in 20ms (Views: 19.7ms | ActiveRecord: 0.0ms)


Started GET "/" for 127.0.0.1 at 2013-11-22 10:49:15 -0600
Processing by WelcomeController#index as HTML
  Rendered welcome/index.html.haml within layouts/application (0.5ms)
Completed 200 OK in 20ms (Views: 18.8ms | ActiveRecord: 0.0ms)


Started GET "/" for 127.0.0.1 at 2013-11-22 10:49:19 -0600
Processing by WelcomeController#index as HTML
  Rendered welcome/index.html.haml within layouts/application (1.2ms)
Completed 200 OK in 20ms (Views: 19.2ms | ActiveRecord: 0.0ms)


Started GET "/" for 127.0.0.1 at 2013-11-22 10:49:32 -0600
Processing by WelcomeController#index as HTML
  Rendered welcome/index.html.haml within layouts/application (1.2ms)
Completed 500 Internal Server Error in 4ms

Haml::SyntaxError - Illegal nesting: content can't be both given on the same line as %p and nested within it.:
  app/views/welcome/index.html.haml:3:in `'
  haml (4.0.4) lib/haml/parser.rb:393:in `tag'
  haml (4.0.4) lib/haml/parser.rb:213:in `process_line'
  haml (4.0.4) lib/haml/parser.rb:121:in `parse'
  haml (4.0.4) lib/haml/engine.rb:66:in `initialize'
  haml (4.0.4) lib/haml/template/plugin.rb:25:in `compile'
  haml (4.0.4) lib/haml/template/plugin.rb:30:in `call'
  actionpack (4.0.1) lib/action_view/template.rb:272:in `compile'
  actionpack (4.0.1) lib/action_view/template.rb:248:in `block in compile!'
  actionpack (4.0.1) lib/action_view/template.rb:236:in `compile!'
  actionpack (4.0.1) lib/action_view/template.rb:142:in `block in render'
  activesupport (4.0.1) lib/active_support/notifications.rb:159:in `block in instrument'
  activesupport (4.0.1) lib/active_support/notifications/instrumenter.rb:20:in `instrument'
  activesupport (4.0.1) lib/active_support/notifications.rb:159:in `instrument'
  actionpack (4.0.1) lib/action_view/template.rb:141:in `render'
  actionpack (4.0.1) lib/action_view/renderer/template_renderer.rb:49:in `block (2 levels) in render_template'
  actionpack (4.0.1) lib/action_view/renderer/abstract_renderer.rb:38:in `block in instrument'
  activesupport (4.0.1) lib/active_support/notifications.rb:159:in `block in instrument'
  activesupport (4.0.1) lib/active_support/notifications/instrumenter.rb:20:in `instrument'
  activesupport (4.0.1) lib/active_support/notifications.rb:159:in `instrument'
  actionpack (4.0.1) lib/action_view/renderer/abstract_renderer.rb:38:in `instrument'
  actionpack (4.0.1) lib/action_view/renderer/template_renderer.rb:48:in `block in render_template'
  actionpack (4.0.1) lib/action_view/renderer/template_renderer.rb:56:in `render_with_layout'
  actionpack (4.0.1) lib/action_view/renderer/template_renderer.rb:47:in `render_template'
  actionpack (4.0.1) lib/action_view/renderer/template_renderer.rb:17:in `render'
  actionpack (4.0.1) lib/action_view/renderer/renderer.rb:42:in `render_template'
  actionpack (4.0.1) lib/action_view/renderer/renderer.rb:23:in `render'
  actionpack (4.0.1) lib/abstract_controller/rendering.rb:127:in `_render_template'
  actionpack (4.0.1) lib/action_controller/metal/streaming.rb:219:in `_render_template'
  actionpack (4.0.1) lib/abstract_controller/rendering.rb:120:in `render_to_body'
  actionpack (4.0.1) lib/action_controller/metal/rendering.rb:33:in `render_to_body'
  actionpack (4.0.1) lib/action_controller/metal/renderers.rb:26:in `render_to_body'
  actionpack (4.0.1) lib/abstract_controller/rendering.rb:97:in `render'
  actionpack (4.0.1) lib/action_controller/metal/rendering.rb:16:in `render'
  actionpack (4.0.1) lib/action_controller/metal/instrumentation.rb:41:in `block (2 levels) in render'
  activesupport (4.0.1) lib/active_support/core_ext/benchmark.rb:12:in `block in ms'
  /Users/ajorczak/.rvm/rubies/ruby-2.0.0-p247/lib/ruby/2.0.0/benchmark.rb:296:in `realtime'
  activesupport (4.0.1) lib/active_support/core_ext/benchmark.rb:12:in `ms'
  actionpack (4.0.1) lib/action_controller/metal/instrumentation.rb:41:in `block in render'
  actionpack (4.0.1) lib/action_controller/metal/instrumentation.rb:84:in `cleanup_view_runtime'
  activerecord (4.0.1) lib/active_record/railties/controller_runtime.rb:25:in `cleanup_view_runtime'
  actionpack (4.0.1) lib/action_controller/metal/instrumentation.rb:40:in `render'
  actionpack (4.0.1) lib/action_controller/metal/implicit_render.rb:10:in `default_render'
  actionpack (4.0.1) lib/action_controller/metal/implicit_render.rb:4:in `send_action'
  actionpack (4.0.1) lib/abstract_controller/base.rb:189:in `process_action'
  actionpack (4.0.1) lib/action_controller/metal/rendering.rb:10:in `process_action'
  actionpack (4.0.1) lib/abstract_controller/callbacks.rb:18:in `block in process_action'
  activesupport (4.0.1) lib/active_support/callbacks.rb:383:in `_run__1009208331119472936__process_action__callbacks'
  activesupport (4.0.1) lib/active_support/callbacks.rb:80:in `run_callbacks'
  actionpack (4.0.1) lib/abstract_controller/callbacks.rb:17:in `process_action'
  actionpack (4.0.1) lib/action_controller/metal/rescue.rb:29:in `process_action'
  actionpack (4.0.1) lib/action_controller/metal/instrumentation.rb:31:in `block in process_action'
  activesupport (4.0.1) lib/active_support/notifications.rb:159:in `block in instrument'
  activesupport (4.0.1) lib/active_support/notifications/instrumenter.rb:20:in `instrument'
  activesupport (4.0.1) lib/active_support/notifications.rb:159:in `instrument'
  actionpack (4.0.1) lib/action_controller/metal/instrumentation.rb:30:in `process_action'
  actionpack (4.0.1) lib/action_controller/metal/params_wrapper.rb:245:in `process_action'
  activerecord (4.0.1) lib/active_record/railties/controller_runtime.rb:18:in `process_action'
  actionpack (4.0.1) lib/abstract_controller/base.rb:136:in `process'
  actionpack (4.0.1) lib/abstract_controller/rendering.rb:44:in `process'
  actionpack (4.0.1) lib/action_controller/metal.rb:195:in `dispatch'
  actionpack (4.0.1) lib/action_controller/metal/rack_delegation.rb:13:in `dispatch'
  actionpack (4.0.1) lib/action_controller/metal.rb:231:in `block in action'
  actionpack (4.0.1) lib/action_dispatch/routing/route_set.rb:80:in `dispatch'
  actionpack (4.0.1) lib/action_dispatch/routing/route_set.rb:48:in `call'
  actionpack (4.0.1) lib/action_dispatch/journey/router.rb:71:in `block in call'
  actionpack (4.0.1) lib/action_dispatch/journey/router.rb:59:in `call'
  actionpack (4.0.1) lib/action_dispatch/routing/route_set.rb:680:in `call'
  newrelic_rpm (3.6.9.171) lib/new_relic/rack/error_collector.rb:50:in `call'
  newrelic_rpm (3.6.9.171) lib/new_relic/rack/agent_hooks.rb:28:in `call'
  newrelic_rpm (3.6.9.171) lib/new_relic/rack/browser_monitoring.rb:23:in `call'
  newrelic_rpm (3.6.9.171) lib/new_relic/rack/developer_mode.rb:42:in `call'
  rack (1.5.2) lib/rack/etag.rb:23:in `call'
  rack (1.5.2) lib/rack/conditionalget.rb:25:in `call'
  rack (1.5.2) lib/rack/head.rb:11:in `call'
  actionpack (4.0.1) lib/action_dispatch/middleware/params_parser.rb:27:in `call'
  actionpack (4.0.1) lib/action_dispatch/middleware/flash.rb:241:in `call'
  rack (1.5.2) lib/rack/session/abstract/id.rb:225:in `context'
  rack (1.5.2) lib/rack/session/abstract/id.rb:220:in `call'
  actionpack (4.0.1) lib/action_dispatch/middleware/cookies.rb:486:in `call'
  activerecord (4.0.1) lib/active_record/query_cache.rb:36:in `call'
  activerecord (4.0.1) lib/active_record/connection_adapters/abstract/connection_pool.rb:626:in `call'
  activerecord (4.0.1) lib/active_record/migration.rb:369:in `call'
  actionpack (4.0.1) lib/action_dispatch/middleware/callbacks.rb:29:in `block in call'
  activesupport (4.0.1) lib/active_support/callbacks.rb:373:in `_run__2414981143212348068__call__callbacks'
  activesupport (4.0.1) lib/active_support/callbacks.rb:80:in `run_callbacks'
  actionpack (4.0.1) lib/action_dispatch/middleware/callbacks.rb:27:in `call'
  actionpack (4.0.1) lib/action_dispatch/middleware/reloader.rb:64:in `call'
  actionpack (4.0.1) lib/action_dispatch/middleware/remote_ip.rb:76:in `call'
  better_errors (1.0.1) lib/better_errors/middleware.rb:84:in `protected_app_call'
  better_errors (1.0.1) lib/better_errors/middleware.rb:79:in `better_errors_call'
  better_errors (1.0.1) lib/better_errors/middleware.rb:56:in `call'
  actionpack (4.0.1) lib/action_dispatch/middleware/debug_exceptions.rb:17:in `call'
  actionpack (4.0.1) lib/action_dispatch/middleware/show_exceptions.rb:30:in `call'
  railties (4.0.1) lib/rails/rack/logger.rb:38:in `call_app'
  railties (4.0.1) lib/rails/rack/logger.rb:20:in `block in call'
  activesupport (4.0.1) lib/active_support/tagged_logging.rb:67:in `block in tagged'
  activesupport (4.0.1) lib/active_support/tagged_logging.rb:25:in `tagged'
  activesupport (4.0.1) lib/active_support/tagged_logging.rb:67:in `tagged'
  railties (4.0.1) lib/rails/rack/logger.rb:20:in `call'
  quiet_assets (1.0.2) lib/quiet_assets.rb:18:in `call_with_quiet_assets'
  actionpack (4.0.1) lib/action_dispatch/middleware/request_id.rb:21:in `call'
  rack (1.5.2) lib/rack/methodoverride.rb:21:in `call'
  rack (1.5.2) lib/rack/runtime.rb:17:in `call'
  activesupport (4.0.1) lib/active_support/cache/strategy/local_cache.rb:83:in `call'
  rack (1.5.2) lib/rack/lock.rb:17:in `call'
  actionpack (4.0.1) lib/action_dispatch/middleware/static.rb:64:in `call'
  rack (1.5.2) lib/rack/sendfile.rb:112:in `call'
  railties (4.0.1) lib/rails/engine.rb:511:in `call'
  railties (4.0.1) lib/rails/application.rb:97:in `call'
  rack (1.5.2) lib/rack/lock.rb:17:in `call'
  rack (1.5.2) lib/rack/content_length.rb:14:in `call'
  rack (1.5.2) lib/rack/handler/webrick.rb:60:in `service'
  webrick (1.3.1) lib/webrick/httpserver.rb:138:in `service'
  webrick (1.3.1) lib/webrick/httpserver.rb:94:in `run'
  webrick (1.3.1) lib/webrick/server.rb:191:in `block in start_thread'



Started POST "/__better_errors/70211164583760/variables" for 127.0.0.1 at 2013-11-22 10:49:32 -0600


Started GET "/" for 127.0.0.1 at 2013-11-22 10:50:20 -0600
Processing by WelcomeController#index as HTML
  Rendered welcome/index.html.haml within layouts/application (1.3ms)
Completed 200 OK in 20ms (Views: 19.1ms | ActiveRecord: 0.0ms)


Started GET "/" for 127.0.0.1 at 2013-11-22 10:50:30 -0600
Processing by WelcomeController#index as HTML
  Rendered welcome/index.html.haml within layouts/application (1.4ms)
Completed 200 OK in 20ms (Views: 19.8ms | ActiveRecord: 0.0ms)


Started GET "/" for 127.0.0.1 at 2013-11-22 10:58:25 -0600
  [1m[36mActiveRecord::SchemaMigration Load (0.4ms)[0m  [1mSELECT "schema_migrations".* FROM "schema_migrations"[0m
Processing by WelcomeController#index as HTML
  Rendered welcome/index.html.haml within layouts/application (3.4ms)
Completed 200 OK in 311ms (Views: 309.8ms | ActiveRecord: 0.0ms)
